This is TeX, Version 3.14159 (Web2C 7.3.1) (format=latex 2002.5.18)  22 MAY 2002 11:33
**mst-man.tex
(mst-man.tex
LaTeX2e <2000/06/01>
Babel <v3.7h> and hyphenation patterns for american, french, german, ngerman, i
talian, nohyphenation, loaded.
(/usr/share/texmf/tex/latex/base/article.cls
Document Class: article 2000/05/19 v1.4b Standard LaTeX document class
(/usr/share/texmf/tex/latex/base/size10.clo
File: size10.clo 2000/05/19 v1.4b Standard LaTeX file (size option)
)
\c@part=\count79
\c@section=\count80
\c@subsection=\count81
\c@subsubsection=\count82
\c@paragraph=\count83
\c@subparagraph=\count84
\c@figure=\count85
\c@table=\count86
\abovecaptionskip=\skip41
\belowcaptionskip=\skip42
\bibindent=\dimen102
)
(/usr/share/texmf/tex/latex/base/fontenc.sty
Package: fontenc 2000/08/30 v1.91 Standard LaTeX package

(/usr/share/texmf/tex/latex/base/t1enc.def
File: t1enc.def 2000/08/30 v1.91 Standard LaTeX file
LaTeX Font Info:    Redeclaring font encoding T1 on input line 38.
))
(/usr/share/texmf/tex/latex/base/inputenc.sty
Package: inputenc 2000/07/01 v0.996 Input encoding file 

(/usr/share/texmf/tex/latex/base/latin1.def
File: latin1.def 2000/07/01 v0.996 Input encoding file 
))
(/usr/share/texmf/tex/generic/babel/babel.sty
Package: babel 2001/03/01 v3.7h The Babel package

(/usr/share/texmf/tex/generic/babel/english.ldf
Language: english 2001/02/07 v3.3k English support from the babel system

(/usr/share/texmf/tex/generic/babel/babel.def
File: babel.def 2001/03/01 v3.7h Babel common definitions
\babel@savecnt=\count87
\U@D=\dimen103
)
\l@canadian = a dialect from \language\l@english 
)) (mst-man.aux)
\openout1 = `mst-man.aux'.

LaTeX Font Info:    Checking defaults for OML/cmm/m/it on input line 21.
LaTeX Font Info:    ... okay on input line 21.
LaTeX Font Info:    Checking defaults for T1/cmr/m/n on input line 21.
LaTeX Font Info:    ... okay on input line 21.
LaTeX Font Info:    Checking defaults for OT1/cmr/m/n on input line 21.
LaTeX Font Info:    ... okay on input line 21.
LaTeX Font Info:    Checking defaults for OMS/cmsy/m/n on input line 21.
LaTeX Font Info:    ... okay on input line 21.
LaTeX Font Info:    Checking defaults for OMX/cmex/m/n on input line 21.
LaTeX Font Info:    ... okay on input line 21.
LaTeX Font Info:    Checking defaults for U/cmr/m/n on input line 21.
LaTeX Font Info:    ... okay on input line 21.
LaTeX Font Info:    External font `cmex10' loaded for size
(Font)              <12> on input line 29.
LaTeX Font Info:    External font `cmex10' loaded for size
(Font)              <8> on input line 29.
LaTeX Font Info:    External font `cmex10' loaded for size
(Font)              <6> on input line 29.
 (mst-man.toc
LaTeX Font Info:    External font `cmex10' loaded for size
(Font)              <7> on input line 3.
LaTeX Font Info:    External font `cmex10' loaded for size
(Font)              <5> on input line 3.
)
\tf@toc=\write3
\openout3 = `mst-man.toc'.


[1

]

LaTeX Warning: Citation `Crespo99a ' on page 2 undefined on input line 76.


LaTeX Warning: Citation `Crespo01' on page 2 undefined on input line 76.


LaTeX Warning: Citation `Crespo02' on page 2 undefined on input line 76.


LaTeX Warning: Citation `Crespo02a' on page 2 undefined on input line 99.

[2]

LaTeX Font Warning: Command \tiny invalid in math mode on input line 143.


LaTeX Font Warning: Command \tiny invalid in math mode on input line 154.


LaTeX Font Warning: Command \tiny invalid in math mode on input line 154.

[3]
Overfull \hbox (14.76765pt too wide) in alignment at lines 199--202
 [][][] []
 []

No file mst-man.bbl.
[4] (mst-man.aux)

LaTeX Warning: There were undefined references.

 ) 
Here is how much of TeX's memory you used:
 771 strings out of 20887
 7434 string characters out of 197363
 62135 words of memory out of 350001
 3754 multiletter control sequences out of 10000+15000
 12532 words of font info for 31 fonts, out of 400000 for 1000
 14 hyphenation exceptions out of 10000
 25i,12n,22p,340b,209s stack positions out of 3000i,100n,1500p,50000b,4000s

Output written on mst-man.dvi (4 pages, 17648 bytes).
