This is pdfeTeX, Version 3.141592-1.21a-2.2 (Web2C 7.5.4) (format=latex 2005.5.9)  18 NOV 2005 15:14
entering extended mode
**SAM-manV2.tex
(./SAM-manV2.tex
LaTeX2e <2003/12/01>
Babel <v3.8d> and hyphenation patterns for american, french, german, ngerman, b
ahasa, basque, bulgarian, catalan, croatian, czech, danish, dutch, esperanto, e
stonian, finnish, greek, icelandic, irish, italian, latin, magyar, norsk, polis
h, portuges, romanian, russian, serbian, slovak, slovene, spanish, swedish, tur
kish, ukrainian, nohyphenation, loaded.
(/usr/share/texmf/tex/latex/base/article.cls
Document Class: article 2004/02/16 v1.4f Standard LaTeX document class
(/usr/share/texmf/tex/latex/base/size12.clo
File: size12.clo 2004/02/16 v1.4f Standard LaTeX file (size option)
)
\c@part=\count79
\c@section=\count80
\c@subsection=\count81
\c@subsubsection=\count82
\c@paragraph=\count83
\c@subparagraph=\count84
\c@figure=\count85
\c@table=\count86
\abovecaptionskip=\skip41
\belowcaptionskip=\skip42
\bibindent=\dimen102
)
(/usr/share/texmf/tex/latex/base/fontenc.sty
Package: fontenc 2004/02/22 v1.99f Standard LaTeX package

(/usr/share/texmf/tex/latex/base/t1enc.def
File: t1enc.def 2004/02/22 v1.99f Standard LaTeX file
LaTeX Font Info:    Redeclaring font encoding T1 on input line 43.
))
(/usr/share/texmf/tex/latex/base/inputenc.sty
Package: inputenc 2004/02/05 v1.0d Input encoding file

(/usr/share/texmf/tex/latex/base/latin1.def
File: latin1.def 2004/02/05 v1.0d Input encoding file
))
(/usr/share/texmf/tex/generic/babel/babel.sty
Package: babel 2004/11/20 v3.8d The Babel package

(/usr/share/texmf/tex/generic/babel/english.ldf
Language: english 2004/06/14 v3.3o English support from the babel system

(/usr/share/texmf/tex/generic/babel/babel.def
File: babel.def 2004/11/20 v3.8d Babel common definitions
\babel@savecnt=\count87
\U@D=\dimen103
)
\l@british = a dialect from \language\l@english 
\l@UKenglish = a dialect from \language\l@english 
\l@canadian = a dialect from \language\l@american 
\l@australian = a dialect from \language\l@british 
\l@newzealand = a dialect from \language\l@british 
))
(/usr/share/texmf/tex/latex/graphics/graphics.sty
Package: graphics 2001/07/07 v1.0n Standard LaTeX Graphics (DPC,SPQR)

(/usr/share/texmf/tex/latex/graphics/trig.sty
Package: trig 1999/03/16 v1.09 sin cos tan (DPC)
)
(/usr/share/texmf/tex/latex/graphics/graphics.cfg
File: graphics.cfg 2005/02/03 v1.3 graphics configuration of teTeX/TeXLive
)
Package graphics Info: Driver file: dvips.def on input line 80.

(/usr/share/texmf/tex/latex/graphics/dvips.def
File: dvips.def 1999/02/16 v3.0i Driver-dependant file (DPC,SPQR)
))
(/usr/share/texmf/tex/latex/tools/verbatim.sty
Package: verbatim 2003/08/22 v1.5q LaTeX2e package for verbatim enhancements
\every@verbatim=\toks14
\verbatim@line=\toks15
\verbatim@in@stream=\read1
) (./SAM-manV2.aux

LaTeX Warning: Label `bigT' multiply defined.


LaTeX Warning: Label `eq:sscatv' multiply defined.


LaTeX Warning: Label `rho1' multiply defined.


LaTeX Warning: Label `Fig:mat_plan ' multiply defined.


LaTeX Warning: Label `Fig:mat_plan ' multiply defined.

)
\openout1 = `SAM-manV2.aux'.

LaTeX Font Info:    Checking defaults for OML/cmm/m/it on input line 23.
LaTeX Font Info:    ... okay on input line 23.
LaTeX Font Info:    Checking defaults for T1/cmr/m/n on input line 23.
LaTeX Font Info:    ... okay on input line 23.
LaTeX Font Info:    Checking defaults for OT1/cmr/m/n on input line 23.
LaTeX Font Info:    ... okay on input line 23.
LaTeX Font Info:    Checking defaults for OMS/cmsy/m/n on input line 23.
LaTeX Font Info:    ... okay on input line 23.
LaTeX Font Info:    Checking defaults for OMX/cmex/m/n on input line 23.
LaTeX Font Info:    ... okay on input line 23.
LaTeX Font Info:    Checking defaults for U/cmr/m/n on input line 23.
LaTeX Font Info:    ... okay on input line 23.
LaTeX Font Info:    External font `cmex10' loaded for size
(Font)              <14.4> on input line 34.
LaTeX Font Info:    External font `cmex10' loaded for size
(Font)              <7> on input line 34.
LaTeX Font Info:    External font `cmex10' loaded for size
(Font)              <12> on input line 41.
LaTeX Font Info:    External font `cmex10' loaded for size
(Font)              <8> on input line 41.
LaTeX Font Info:    External font `cmex10' loaded for size
(Font)              <6> on input line 41.
 (./SAM-manV2.toc [1

] [2])
\tf@toc=\write3
\openout3 = `SAM-manV2.toc'.



LaTeX Warning: Citation `Crespo91 ' on page 3 undefined on input line 93.


LaTeX Warning: Citation `Crespo91 ' on page 3 undefined on input line 101.

[3] [4] [5] [6]
Overfull \hbox (38.02577pt too wide) detected at line 291
[]\OML/cmm/m/it/12 U[] \OT1/cmr/m/n/12 = \OMS/cmsy/m/n/12 ^^@\OT1/cmr/m/n/12 (\
OML/cmm/m/it/12 A \OMS/cmsy/m/n/12 ^^@ \OT1/cmr/m/n/12 1)[]\OMS/cmsy/m/n/12 h\O
ML/cmm/m/it/12 ^^^[]\OMS/cmsy/m/n/12 j\OML/cmm/m/it/12 ^^\[]\OT1/cmr/m/n/12 (\O
ML/cmm/m/it/12 E\OT1/cmr/m/n/12 )\OML/cmm/m/it/12 P[][]^^\[]\OT1/cmr/m/n/12 (\O
ML/cmm/m/it/12 E\OT1/cmr/m/n/12 )\OMS/cmsy/m/n/12 j\OML/cmm/m/it/12 ^^^[]\OMS/c
msy/m/n/12 i[]  \OT1/cmr/m/n/12 + [] []\OMS/cmsy/m/n/12 h\OML/cmm/m/it/12 ^^^[]
\OMS/cmsy/m/n/12 j\OML/cmm/m/it/12 ^^\[]\OT1/cmr/m/n/12 (\OML/cmm/m/it/12 E\OT1
/cmr/m/n/12 )\OML/cmm/m/it/12 G^^\[]\OT1/cmr/m/n/12 (\OML/cmm/m/it/12 E\OT1/cmr
/m/n/12 )\OMS/cmsy/m/n/12 j\OML/cmm/m/it/12 ^^^[]\OMS/cmsy/m/n/12 i\OML/cmm/m/i
t/12 :
 []

[7] [8]
Overfull \hbox (5.63885pt too wide) in paragraph at lines 378--382
\T1/cmr/m/n/12 of the NN am-pli-tudes from the par-tial wave tran-si-tion am-pl
i-tudes $\OML/cmm/m/it/12 M[]\OT1/cmr/m/n/12 (\OMS/cmsy/m/n/12 K[]\OML/cmm/m/it
/12 ; \OMS/cmsy/m/n/12 K\OT1/cmr/m/n/12 )$\T1/cmr/m/n/12 .
 []


LaTeX Warning: Citation `Brink' on page 9 undefined on input line 390.

[9] [10] [11]

LaTeX Warning: Citation `Red87a' on page 12 undefined on input line 542.


Overfull \hbox (21.35202pt too wide) detected at line 548
\OML/cmm/m/it/12 R[]\OT1/cmr/m/n/12 (\OMS/cmsy/m/n/12 K[]\OML/cmm/m/it/12 ; \OM
S/cmsy/m/n/12 K\OT1/cmr/m/n/12 ) = \OML/cmm/m/it/12 V[]\OT1/cmr/m/n/12 (\OMS/cm
sy/m/n/12 K[]\OML/cmm/m/it/12 ; \OMS/cmsy/m/n/12 K\OT1/cmr/m/n/12 ) + [] [] [][
] \OML/cmm/m/it/12 d\OMS/cmsy/m/n/12 K[]K[]\OML/cmm/m/it/12 V[]\OT1/cmr/m/n/12 
(\OMS/cmsy/m/n/12 K[]\OML/cmm/m/it/12 ; \OMS/cmsy/m/n/12 K[]\OT1/cmr/m/n/12 )\O
ML/cmm/m/it/12 G[]\OT1/cmr/m/n/12 (\OMS/cmsy/m/n/12 K[]\OT1/cmr/m/n/12 )\OML/cm
m/m/it/12 R[]\OT1/cmr/m/n/12 (\OMS/cmsy/m/n/12 K[]\OML/cmm/m/it/12 ; \OMS/cmsy/
m/n/12 K\OT1/cmr/m/n/12 )
 []


LaTeX Warning: Citation `Sloan68' on page 12 undefined on input line 553.


Overfull \hbox (110.00063pt too wide) detected at line 566
\OML/cmm/m/it/12 t[]\OT1/cmr/m/n/12 (\OMS/cmsy/m/n/12 K[]\OML/cmm/m/it/12 ; \OM
S/cmsy/m/n/12 K\OT1/cmr/m/n/12 ) = \OML/cmm/m/it/12 R[]\OT1/cmr/m/n/12 (\OMS/cm
sy/m/n/12 K[]\OML/cmm/m/it/12 ; \OMS/cmsy/m/n/12 K\OT1/cmr/m/n/12 )[]  \OMS/cms
y/m/n/12 ^^@ \OT1/cmr/m/n/12 2\OML/cmm/m/it/12 i^^V\OMS/cmsy/m/n/12 K[] [] \OML
/cmm/m/it/12 R[]\OT1/cmr/m/n/12 (\OMS/cmsy/m/n/12 K[]\OML/cmm/m/it/12 ; \OMS/cm
sy/m/n/12 K[]\OT1/cmr/m/n/12 )[1 + 2\OML/cmm/m/it/12 i^^V[]\OMS/cmsy/m/n/12 K[]
\OML/cmm/m/it/12 R[]\OT1/cmr/m/n/12 (\OMS/cmsy/m/n/12 K[]\OML/cmm/m/it/12 ; \OM
S/cmsy/m/n/12 K[]\OT1/cmr/m/n/12 )][]\OML/cmm/m/it/12 R[]\OT1/cmr/m/n/12 (\OMS/
cmsy/m/n/12 K[]\OML/cmm/m/it/12 ; \OMS/cmsy/m/n/12 K\OT1/cmr/m/n/12 )
 []

[12] [13]
Overfull \hbox (27.2859pt too wide) detected at line 630
\OMS/cmsy/m/n/12 h[]j\OML/cmm/m/it/12 U[]\OMS/cmsy/m/n/12 j[]i \OT1/cmr/m/n/12 
= [][][] [][\OML/cmm/m/it/12 ^^Z[]\OT1/cmr/m/n/12 (\OML/cmm/m/it/12 q\OT1/cmr/m
/n/12 )\OMS/cmsy/m/n/12 C[]\OT1/cmr/m/n/12 (\OML/cmm/m/it/12 !; q; Q=\OT1/cmr/m
/n/12 2\OML/cmm/m/it/12 ; ^^^\OT1/cmr/m/n/12 ) + \OML/cmm/m/it/12 ^^Z[]\OMS/cms
y/m/n/12 C[]\OT1/cmr/m/n/12 (\OML/cmm/m/it/12 !; q; Q=\OT1/cmr/m/n/12 2\OML/cmm
/m/it/12 ; ^^^\OT1/cmr/m/n/12 )]\OML/cmm/m/it/12 :
 []


LaTeX Warning: Citation `Crespo90a ' on page 14 undefined on input line 649.


LaTeX Warning: Citation `Crespo90a ' on page 14 undefined on input line 658.

[14]
Overfull \hbox (41.54428pt too wide) detected at line 692
\OMS/cmsy/m/n/12 h[]j\OML/cmm/m/it/12 U[]\OMS/cmsy/m/n/12 j[]i \OT1/cmr/m/n/12 
= \OMS/cmsy/m/n/12 ^^@[] [] \OML/cmm/m/it/12 d[]^^L\OT1/cmr/m/n/12 (\OML/cmm/m/
it/12 !; []; []; []\OT1/cmr/m/n/12 )\OML/cmm/m/it/12 g\OT1/cmr/m/n/12 (\OML/cmm
/m/it/12 k[]\OT1/cmr/m/n/12 ) [] \OML/cmm/m/it/12 d[] [] d[] [] [] \OMS/cmsy/m/
n/12 ^^@\OML/cmm/m/it/12 i\OT1/cmr/m/n/12 ([] \OMS/cmsy/m/n/12 ^^A [] \OT1/cmr/
m/n/12 + [] [] \OMS/cmsy/m/n/12 ^^A [] []\OT1/cmr/m/n/12 )\OML/cmm/m/it/12 D\OT
1/cmr/m/n/12 ([]\OML/cmm/m/it/12 ; [] []\OT1/cmr/m/n/12 )
 []

[15] [16]

LaTeX Warning: Citation `Barret79' on page 17 undefined on input line 787.


Overfull \hbox (6.31912pt too wide) in paragraph at lines 791--791
[]\T1/cmr/bx/n/14.4 The Lippmann-Schwinger equa-tion: so-lu-tion method 
 []

[17]
Overfull \hbox (11.16907pt too wide) in paragraph at lines 854--856
\T1/cmr/m/n/12 From this equa-tion it fol-lows im-me-di-ately that the on-shell
 T-matrix $\OML/cmm/m/it/12 T[]\OT1/cmr/m/n/12 (\OML/cmm/m/it/12 k[]; k[]\OT1/c
mr/m/n/12 )$
 []

[18]
Overfull \hbox (6.15646pt too wide) detected at line 895
[]\OML/cmm/m/it/12 R\OT1/cmr/m/n/12 (\OML/cmm/m/it/12 k; k[]\OT1/cmr/m/n/12 ) =
 \OML/cmm/m/it/12 U\OT1/cmr/m/n/12 (\OML/cmm/m/it/12 k; k[]\OT1/cmr/m/n/12 ) + 
[][] [][] \OML/cmm/m/it/12 dp []
 []

[19]

LaTeX Font Warning: Command \tiny invalid in math mode on input line 946.


LaTeX Font Warning: Command \tiny invalid in math mode on input line 958.

[20] [21]

LaTeX Warning: Citation `Rih77' on page 22 undefined on input line 1084.


LaTeX Warning: Citation `Rih96' on page 22 undefined on input line 1084.

[22] [23] [24]

LaTeX Warning: Citation `cresclus' on page 25 undefined on input line 1240.

[25]

LaTeX Font Warning: Command \tiny invalid in math mode on input line 1288.


LaTeX Font Warning: Command \tiny invalid in math mode on input line 1288.


LaTeX Font Warning: Command \tiny invalid in math mode on input line 1289.


LaTeX Font Warning: Command \tiny invalid in math mode on input line 1289.


LaTeX Font Warning: Command \tiny invalid in math mode on input line 1290.


LaTeX Font Warning: Command \tiny invalid in math mode on input line 1307.


LaTeX Warning: Reference `fig:spin_tensor' on page 26 undefined on input line 1
331.

File: spin_tensor.eps Graphic file (type eps)
<spin_tensor.eps> [26] [27]

LaTeX Warning: Citation `Joa87' on page 28 undefined on input line 1419.

[28]

LaTeX Warning: Citation `Joa87' on page 29 undefined on input line 1469.

[29]
File: nn_plan.eps Graphic file (type eps)
 <nn_plan.eps>
LaTeX Font Info:    Try loading font information for OMS+cmr on input line 1554
.
 (/usr/share/texmf/tex/latex/base/omscmr.fd
File: omscmr.fd 1999/05/25 v2.5h Standard LaTeX font definitions
)
LaTeX Font Info:    Font shape `OMS/cmr/m/n' in size <12> not available
(Font)              Font shape `OMS/cmsy/m/n' tried instead on input line 1554.

 [30] [31]
Overfull \hbox (6.45348pt too wide) in paragraph at lines 1599--1605
[]\T1/cmr/bx/n/12 gauss3(rmaxr,quin,mquadi,mquado,xri,wri)\T1/cmr/m/n/12 : sub-
rou-tine that
 []

[32]
Overfull \hbox (1.25734pt too wide) in paragraph at lines 1612--1620
\T1/cmr/m/n/12 in-ter-po-la-tion,unequally spaced points npts=2,3,4,5,6, nfs fu
nc-tions
 []


Overfull \hbox (14.72925pt too wide) in paragraph at lines 1620--1628
[] \T1/cmr/bx/n/12 cint2d(xtab,ytab,fxytab,xbar,ybar,nnx,nny,nord,mmx)\T1/cmr/m
/n/12 : two
 []


Overfull \hbox (22.03304pt too wide) in paragraph at lines 1644--1646
[]\T1/cmr/bx/n/12 sigcl(som,sc,lmax); sigcl3(eta,scou,lmax); coul(eta,cph,lmax)
\T1/cmr/m/n/12 :
 []

File: mso_plan.eps Graphic file (type eps)
<mso_plan.eps> [33] [34]
File: mst_plan.eps Graphic file (type eps)
 <mst_plan.eps>
Overfull \hbox (74.73624pt too wide) in paragraph at lines 1705--1705
 [][] 
 []

[35] [36]
LaTeX Font Info:    Try loading font information for T1+cmtt on input line 1738
.
 (/usr/share/texmf/tex/latex/base/t1cmtt.fd
File: t1cmtt.fd 1999/05/25 v2.5h Standard LaTeX font definitions
) [37] [38]
File: redish.eps Graphic file (type eps)
 <redish.eps>
Underfull \hbox (badness 10000) in paragraph at lines 1822--1901

 []


Overfull \hbox (20.82129pt too wide) in paragraph at lines 1822--1901
[]    [] 
 []


Underfull \hbox (badness 10000) in paragraph at lines 1822--1901

 []


Underfull \hbox (badness 10000) in paragraph at lines 1822--1901

 []

[39]

LaTeX Warning: Citation `Cres01' on page 40 undefined on input line 1902.


Underfull \hbox (badness 10000) in paragraph at lines 1906--1936

 []


Underfull \hbox (badness 10000) in paragraph at lines 1906--1936

 []

[40]
Overfull \hbox (11.27965pt too wide) in paragraph at lines 1994--1996
[]\T1/cmr/bx/n/12 ngp\T1/cmr/m/n/12 : num-ber of grid points used in dis-cretiz
-ing the Lipppmann-Schwinger
 []

[41]

LaTeX Warning: Citation `Crespo90' on page 42 undefined on input line 2029.

[42] [43] [44] [45] [46] [47] [48]
File: examples/nnamp_example.in  (verbatim)
 [49]
Underfull \hbox (badness 10000) in paragraph at lines 2310--2315

 []


Underfull \hbox (badness 10000) in paragraph at lines 2318--2322

 []


Overfull \hbox (0.31317pt too wide) in paragraph at lines 2323--2325
[]\T1/cmr/m/n/12 &kmat hw=0.5 b01=0. b34=30. ,n1=5 n2=6 n3=15 n4=6, s=1.0, qlo=
0.,
 []


Underfull \hbox (badness 10000) in paragraph at lines 2326--2331

 []

[50]
File: nnrealA-elab65.eps Graphic file (type eps)
 <nnrealA-elab65.eps> [51]
File: examples/mso-pca40HO-e65.in  (verbatim)

Overfull \hbox (23.624pt too wide) in paragraph at lines 2408--2408
[]       \T1/cmtt/m/n/12 ngp=40, kode=022 b=21000. nang=-1 ymin1=-7. ymin2=-2. 
nr=0 /[] 
 []


Overfull \hbox (54.49146pt too wide) in paragraph at lines 2408--2408
[]  \T1/cmtt/m/n/12 &highorder second=1 closure=F rmaxr=10. quin=6. mquadi=120 
mquado=48 /[] 
 []


Underfull \hbox (badness 10000) in paragraph at lines 2410--2412

 []


Overfull \hbox (1.96396pt too wide) in paragraph at lines 2413--2415
[]\T1/cmr/m/n/12 &mso tlab=65 off-shell=T kmt=T lx-max=40 ngp=40, kode=022 b=21
000.
 []


Underfull \hbox (badness 10000) in paragraph at lines 2416--2426

 []


Underfull \hbox (badness 10000) in paragraph at lines 2429--2434

 []

[52]
Overfull \hbox (29.38396pt too wide) in paragraph at lines 2436--2437
[]\T1/cmr/m/n/12 &highorder sec-ond=1 clo-sure=F rmaxr=10. quin=6. mquadi=120 m
quado=48
 []


Underfull \hbox (badness 10000) in paragraph at lines 2438--2441

 []


Overfull \hbox (20.0818pt too wide) in paragraph at lines 2444--2446
[]\T1/cmr/m/n/12 The namelist (\T1/cmr/bx/n/12 & proj/\T1/cmr/m/n/12 ) sets the
 mass of the pro-ton pro-jec-tile \T1/cmr/bx/n/12 massp\T1/cmr/m/n/12 =1.0072,
 []


Underfull \hbox (badness 10000) in paragraph at lines 2444--2446

 []


Underfull \hbox (badness 10000) in paragraph at lines 2449--2452

 []


Underfull \hbox (badness 10000) in paragraph at lines 2455--2460

 []

File: examples/mso-nca40HO-e65.in  (verbatim)
[53]
Overfull \hbox (23.624pt too wide) in paragraph at lines 2482--2482
[]       \T1/cmtt/m/n/12 ngp=40, kode=022 b=21000. nang=-1 ymin1=-7. ymin2=-2. 
nr=0 /[] 
 []


Overfull \hbox (5.10352pt too wide) in paragraph at lines 2482--2482
[]  \T1/cmtt/m/n/12 &coul coulomb=0 rcut=10.  alfa=0.3916125 beta=3.1329 gama=0
. /[] 
 []


Overfull \hbox (54.49146pt too wide) in paragraph at lines 2482--2482
[]  \T1/cmtt/m/n/12 &highorder second=1 closure=F rmaxr=10. quin=6. mquadi=120 
mquado=48 /[] 
 []


Underfull \hbox (badness 10000) in paragraph at lines 2484--2486

 []


Underfull \hbox (badness 10000) in paragraph at lines 2487--2489

 []


LaTeX Warning: Reference `Fig:mso-n+40Ca-e65' on page 54 undefined on input lin
e 2490.

File: mso-n+40Ca-e65.eps Graphic file (type eps)
<mso-n+40Ca-e65.eps>
No file mst_elastic_example.in.
No file xs_mst_elastic_example.dat.
(./SAM-manV2.bbl [54] [55]) [56] (./SAM-manV2.aux)

LaTeX Warning: There were undefined references.


LaTeX Warning: There were multiply-defined labels.

 ) 
Here is how much of TeX's memory you used:
 1194 strings out of 94501
 13545 string characters out of 1171248
 66683 words of memory out of 1000000
 4364 multiletter control sequences out of 10000+50000
 15151 words of font info for 37 fonts, out of 500000 for 2000
 580 hyphenation exceptions out of 1000
 25i,12n,19p,306b,303s stack positions out of 1500i,500n,5000p,200000b,5000s

Output written on SAM-manV2.dvi (56 pages, 150108 bytes).
