 Calling logfac with lfact=         100
 logfac: calculating factorials for l<=         100
 NN main.f90: tcm=  0.000000000000000E+000
           1 call to NNAMP
 ampnn: tcm=  0.000000000000000E+000  ifmst= F
 Entering k with ifmst= F
 nnamin: bqmax=  0.000000000000000E+000
qw:n1,n2,n3,n4,ic,kmax  3  6 15  6  0  0
+Allocating 31 points for qq and wq...
 Exiting qw subroutine..
+Allocating   7x 465 elements for d01
+Allocating   7x  30 elements for dmm1
 Entering klkkp subroutine...
+Allocating  31x 31 elements for cvl,ak,bk
+Allocating memory for  62x 62 elements in  v
 Leaving potlsj...
 Entering leq...
 -Deallocating memory for a,b
 Leaving leq...
 -Deallocating memory for cvl,ak,bk
 Entering kt...
 +Allocating memory for ttl,tl,tkm,vm,tkh...
 Leaving ktall...
 Entering klkkp subroutine...
+Allocating  31x 31 elements for cvl,ak,bk
+Allocating memory for  62x 62 elements in  v
 Leaving potlsj...
 Entering leq...
 -Deallocating memory for a,b
 Leaving leq...
 -Deallocating memory for cvl,ak,bk
 Entering kt...
 +Allocating memory for ttl,tl,tkm,vm,tkh...
 Leaving ktall...
 Entering klkkp subroutine...
+Allocating  31x 31 elements for cvl,ak,bk
+Allocating memory for  62x 62 elements in  v
 Leaving potlsj...
 Entering leq...
 -Deallocating memory for a,b
 Leaving leq...
 -Deallocating memory for cvl,ak,bk
 Entering kt...
 +Allocating memory for ttl,tl,tkm,vm,tkh...
 Leaving ktall...
 Entering klkkp subroutine...
+Allocating  31x 31 elements for cvl,ak,bk
+Allocating memory for  62x 62 elements in  v
 Leaving potlsj...
 Entering leq...
 -Deallocating memory for a,b
 Leaving leq...
 -Deallocating memory for cvl,ak,bk
 Entering kt...
 +Allocating memory for ttl,tl,tkm,vm,tkh...
 Leaving ktall...
 Entering klkkp subroutine...
+Allocating  62x 62 elements for cvl,ak,bk
+Allocating memory for  62x 62 elements in  v
 Leaving potlsj...
 Entering leq...
 -Deallocating memory for a,b
 Leaving leq...
 -Deallocating memory for cvl,ak,bk
 Entering kt...
 +Allocating memory for ttl,tl,tkm,vm,tkh...
 Leaving ktall...
 Entering klkkp subroutine...
+Allocating  31x 31 elements for cvl,ak,bk
+Allocating memory for  62x 62 elements in  v
 Leaving potlsj...
 Entering leq...
 -Deallocating memory for a,b
 Leaving leq...
 -Deallocating memory for cvl,ak,bk
 Entering kt...
 +Allocating memory for ttl,tl,tkm,vm,tkh...
 Leaving ktall...
 Entering klkkp subroutine...
+Allocating  31x 31 elements for cvl,ak,bk
+Allocating memory for  62x 62 elements in  v
 Leaving potlsj...
 Entering leq...
 -Deallocating memory for a,b
 Leaving leq...
 -Deallocating memory for cvl,ak,bk
 Entering kt...
 +Allocating memory for ttl,tl,tkm,vm,tkh...
 Leaving ktall...
 Entering klkkp subroutine...
+Allocating  62x 62 elements for cvl,ak,bk
+Allocating memory for  62x 62 elements in  v
 Leaving potlsj...
 Entering leq...
 -Deallocating memory for a,b
 Leaving leq...
 -Deallocating memory for cvl,ak,bk
 Entering kt...
 +Allocating memory for ttl,tl,tkm,vm,tkh...
 Leaving ktall...
 Entering klkkp subroutine...
+Allocating  31x 31 elements for cvl,ak,bk
+Allocating memory for  62x 62 elements in  v
 Leaving potlsj...
 Entering leq...
 -Deallocating memory for a,b
 Leaving leq...
 -Deallocating memory for cvl,ak,bk
 Entering kt...
 +Allocating memory for ttl,tl,tkm,vm,tkh...
 Leaving ktall...
 Entering klkkp subroutine...
+Allocating  31x 31 elements for cvl,ak,bk
+Allocating memory for  62x 62 elements in  v
 Leaving potlsj...
 Entering leq...
 -Deallocating memory for a,b
 Leaving leq...
 -Deallocating memory for cvl,ak,bk
 Entering kt...
 +Allocating memory for ttl,tl,tkm,vm,tkh...
 Leaving ktall...
 Entering klkkp subroutine...
+Allocating  62x 62 elements for cvl,ak,bk
+Allocating memory for  62x 62 elements in  v
 Leaving potlsj...
 Entering leq...
 -Deallocating memory for a,b
 Leaving leq...
 -Deallocating memory for cvl,ak,bk
 Entering kt...
 +Allocating memory for ttl,tl,tkm,vm,tkh...
 Leaving ktall...
 Entering klkkp subroutine...
+Allocating  31x 31 elements for cvl,ak,bk
+Allocating memory for  62x 62 elements in  v
 Leaving potlsj...
 Entering leq...
 -Deallocating memory for a,b
 Leaving leq...
 -Deallocating memory for cvl,ak,bk
 Entering kt...
 +Allocating memory for ttl,tl,tkm,vm,tkh...
 Leaving ktall...
 Entering klkkp subroutine...
+Allocating  31x 31 elements for cvl,ak,bk
+Allocating memory for  62x 62 elements in  v
 Leaving potlsj...
 Entering leq...
 -Deallocating memory for a,b
 Leaving leq...
 -Deallocating memory for cvl,ak,bk
 Entering kt...
 +Allocating memory for ttl,tl,tkm,vm,tkh...
 Leaving ktall...
 Entering klkkp subroutine...
+Allocating  62x 62 elements for cvl,ak,bk
+Allocating memory for  62x 62 elements in  v
 Leaving potlsj...
 Entering leq...
 -Deallocating memory for a,b
 Leaving leq...
 -Deallocating memory for cvl,ak,bk
 Entering kt...
 +Allocating memory for ttl,tl,tkm,vm,tkh...
 Leaving ktall...
 Entering klkkp subroutine...
+Allocating  31x 31 elements for cvl,ak,bk
+Allocating memory for  62x 62 elements in  v
 Leaving potlsj...
 Entering leq...
 -Deallocating memory for a,b
 Leaving leq...
 -Deallocating memory for cvl,ak,bk
 Entering kt...
 +Allocating memory for ttl,tl,tkm,vm,tkh...
 Leaving ktall...
 Entering klkkp subroutine...
+Allocating  31x 31 elements for cvl,ak,bk
+Allocating memory for  62x 62 elements in  v
 Leaving potlsj...
 Entering leq...
 -Deallocating memory for a,b
 Leaving leq...
 -Deallocating memory for cvl,ak,bk
 Entering kt...
 +Allocating memory for ttl,tl,tkm,vm,tkh...
 Leaving ktall...
 Entering klkkp subroutine...
+Allocating  62x 62 elements for cvl,ak,bk
+Allocating memory for  62x 62 elements in  v
 Leaving potlsj...
 Entering leq...
 -Deallocating memory for a,b
 Leaving leq...
 -Deallocating memory for cvl,ak,bk
 Entering kt...
 +Allocating memory for ttl,tl,tkm,vm,tkh...
 Leaving ktall...
 Entering klkkp subroutine...
+Allocating  31x 31 elements for cvl,ak,bk
+Allocating memory for  62x 62 elements in  v
 Leaving potlsj...
 Entering leq...
 -Deallocating memory for a,b
 Leaving leq...
 -Deallocating memory for cvl,ak,bk
 Entering kt...
 +Allocating memory for ttl,tl,tkm,vm,tkh...
 Leaving ktall...
 Entering klkkp subroutine...
+Allocating  31x 31 elements for cvl,ak,bk
+Allocating memory for  62x 62 elements in  v
 Leaving potlsj...
 Entering leq...
 -Deallocating memory for a,b
 Leaving leq...
 -Deallocating memory for cvl,ak,bk
 Entering kt...
 +Allocating memory for ttl,tl,tkm,vm,tkh...
 Leaving ktall...
 Entering klkkp subroutine...
+Allocating  31x 31 elements for cvl,ak,bk
+Allocating memory for  62x 62 elements in  v
 Leaving potlsj...
 Entering leq...
 -Deallocating memory for a,b
 Leaving leq...
 -Deallocating memory for cvl,ak,bk
 Entering kt...
 +Allocating memory for ttl,tl,tkm,vm,tkh...
 bqmax=  0.000000000000000E+000
 NN: ifkq=           1
 Entering ampall with lmu=           7
 theta,icase,nth=   90.0000000000000                0          90
+ mesh: allocating 16 elements for xxk, xxq
+ mesh: allocating 16 elements for xxk, xxq
 +Allocating memory for aa,bb,...
  kkmax,nqmax=          16          16
 +Allocating memory for ampl,ampw,ampz...
 +Allocating memory for xkm,xkmp,ctheta...
 ampall: allocating memory for pol, cs
+Allocating  7 elements for d0
 -Deallocating xkm,xkmp,ctheta,thpr
 Writing amplitudes
Allocating  16  16elmts for app,cpp...
 <-Leaving mabon...
 -> Entering xsec...
 <- Leaving xsec...
