  0.000000000000000E+000  0.165802482698107     
   2.02247190475464       0.165108250066777     
   4.04494380950928       0.163057037981020     
   6.06741571426392       0.159701329655744     
   8.08988761901855       0.155130774044426     
   10.1123595237732       0.149466944138909     
   12.1348314285278       0.142857285746116     
   14.1573033332825       0.135468605563035     
   16.1797752380371       0.127480457000647     
   18.2022471427917       0.119078751139475     
   20.2247190475464       0.110449857869984     
   22.2471909523010       0.101775378900328     
   24.2696628570557       9.322768047488926E-002
   26.2921347618103       8.496617984885844E-002
   28.3146066665649       7.713429589005533E-002
   30.3370785713196       6.985647827651753E-002
   32.3595504760742       6.323533608427664E-002
   34.3820223808289       5.735415425948091E-002
   36.4044942855835       5.227235707740210E-002
   38.4269661903381       4.802491776040418E-002
   40.4494380950928       4.462325467609979E-002
   42.4719099998474       4.205855268871097E-002
   44.4943819046021       4.030028628812815E-002
   46.5168538093567       3.930062955601740E-002
   48.5393257141113       3.899690112060646E-002
   50.5617976188660       3.931318100127032E-002
   52.5842695236206       4.016332684123532E-002
   54.6067414283752       4.146814402789112E-002
   56.6292133331299       4.314919197884907E-002
   58.6516852378845       4.512628518393075E-002
   60.6741571426392       4.733079710773736E-002
   62.6966290473938       4.970791597348641E-002
   64.7191009521484       5.221759344364643E-002
   66.7415728569031       5.482745317841434E-002
   68.7640447616577       5.752160661497695E-002
   70.7865166664124       6.029703627641100E-002
   72.8089885711670       6.316436018812668E-002
   74.8314604759216       6.613779829944338E-002
   76.8539323806763       6.924024110268867E-002
   78.8764042854309       7.249549442581855E-002
   80.8988761901855       7.586032797545988E-002
   82.9213480949402       7.945989582408156E-002
   84.9438199996948       8.333722094648030E-002
   86.9662919044495       8.753288434046240E-002
   88.9887638092041       9.208558716286067E-002
   91.0112357139587       9.703107243799175E-002
   93.0337076187134       0.102402013473519     
   95.0561795234680       0.108226883925112     
   97.0786514282227       0.114529531976265     
   99.1011233329773       0.121330130327425     
   101.123595237732       0.128762808638056     
   103.146067142487       0.136781506411479     
   105.168539047241       0.145328091149261     
   107.191010951996       0.154415294368598     
   109.213482856750       0.164067498850102     
   111.235954761505       0.174324867926444     
   113.258426666260       0.185247256258968     
   115.280898571014       0.196912281444578     
   117.303370475769       0.209432053184727     
   119.325842380524       0.222875564255782     
   121.348314285278       0.237429091747222     
   123.370786190033       0.253344631526382     
   125.393258094788       0.270870139393080     
   127.415729999542       0.290272420113484     
   129.438201904297       0.311830867861846     
   131.460673809052       0.335831013241735     
   133.483145713806       0.362557631621155     
   135.505617618561       0.392287113707233     
   137.528089523315       0.425278819786826     
   139.550561428070       0.461765216224063     
   141.573033332825       0.501940701444377     
   143.595505237579       0.545949142030912     
   145.617977142334       0.593870235291894     
   147.640449047089       0.645704879295177     
   149.662920951843       0.701359763243692     
   151.685392856598       0.760631400672399     
   153.707864761353       0.823189835893831     
   155.730336666107       0.888562287083445     
   157.752808570862       0.956117074785398     
   159.775280475616        1.02504834483004     
   161.797752380371        1.09436234179101     
   163.820224285126        1.16286632090573     
   165.842696189880        1.22916158391550     
   167.865168094635        1.29164255201951     
   169.887639999390        1.34850419779871     
   171.910111904144        1.39776049072147     
   173.932583808899        1.43727671311071     
   175.955055713654        1.46481853622042     
   177.977527618408        1.47812060176070     
   179.999999523163        1.47497707041345     
